Using pre-set license
Built from '2020.3/staging' branch; Version is '2020.3.5f1 (8095aa901b9b) revision 8426922'; Using compiler version '192528614'; Build Type 'Release'
OS: 'Windows 10 Home Single Language; OS build 19042.985; Version 2009; 64bit' Language: 'pt' Physical Memory: 8084 MB
BatchMode: 1, IsHumanControllingUs: 0, StartBugReporterOnCrash: 0, Is64bit: 1, IsPro: 0

 COMMAND LINE ARGUMENTS:
C:\Program Files\Unity\Hub\Editor\2020.3.5f1\Editor\Unity.exe
-adb2
-batchMode
-noUpm
-name
AssetImportWorker5
-projectPath
C:/Users/ltdc0/Overlord-Project
-logFile
Logs/AssetImportWorker5.log
-srvPort
51188
Successfully changed project path to: C:/Users/ltdc0/Overlord-Project
C:/Users/ltdc0/Overlord-Project
Using Asset Import Pipeline V2.
Refreshing native plugins compatible for Editor in 94.04 ms, found 0 plugins.
Preloading 0 native plugins for Editor in 0.00 ms.
Initialize engine version: 2020.3.5f1 (8095aa901b9b)
[Subsystems] Discovering subsystems at path C:/Program Files/Unity/Hub/Editor/2020.3.5f1/Editor/Data/Resources/UnitySubsystems
[Subsystems] Discovering subsystems at path C:/Users/ltdc0/Overlord-Project/Assets
GfxDevice: creating device client; threaded=0
Direct3D:
    Version:  Direct3D 11.0 [level 11.1]
    Renderer: Intel(R) UHD Graphics 620 (ID=0x3ea0)
    Vendor:   
    VRAM:     4042 MB
    Driver:   27.20.100.9466
Shader 'Universal Render Pipeline/Particles/Lit': fallback shader 'Universal Render Pipeline/Particles/SimpleLit' not found
Initialize mono
Mono path[0] = 'C:/Program Files/Unity/Hub/Editor/2020.3.5f1/Editor/Data/Managed'
Mono path[1] = 'C:/Program Files/Unity/Hub/Editor/2020.3.5f1/Editor/Data/MonoBleedingEdge/lib/mono/unityjit'
Mono config path = 'C:/Program Files/Unity/Hub/Editor/2020.3.5f1/Editor/Data/MonoBleedingEdge/etc'
Using monoOptions --debugger-agent=transport=dt_socket,embedding=1,server=y,suspend=n,address=127.0.0.1:56164
Begin MonoManager ReloadAssembly
Registering precompiled unity dll's ...
Register platform support module: C:/Program Files/Unity/Hub/Editor/2020.3.5f1/Editor/Data/PlaybackEngines/WindowsStandaloneSupport/UnityEditor.WindowsStandalone.Extensions.dll
Registered in 0.002173 seconds.
Native extension for WindowsStandalone target not found
Refreshing native plugins compatible for Editor in 87.63 ms, found 0 plugins.
Preloading 0 native plugins for Editor in 0.00 ms.
Mono: successfully reloaded assembly
- Completed reload, in  1.115 seconds
Platform modules already initialized, skipping
Registering precompiled user dll's ...
Registered in 0.007808 seconds.
Begin MonoManager ReloadAssembly
Native extension for WindowsStandalone target not found
Refreshing native plugins compatible for Editor in 84.58 ms, found 0 plugins.
Preloading 0 native plugins for Editor in 0.00 ms.
Mono: successfully reloaded assembly
- Completed reload, in  1.689 seconds
Platform modules already initialized, skipping
========================================================================
Worker process is ready to serve import requests
Shader 'Universal Render Pipeline/Particles/Lit': fallback shader 'Universal Render Pipeline/Particles/SimpleLit' not found
Launched and connected shader compiler UnityShaderCompiler.exe after 0.37 seconds
Refreshing native plugins compatible for Editor in 2.71 ms, found 0 plugins.
Preloading 0 native plugins for Editor in 0.00 ms.
Unloading 3882 Unused Serialized files (Serialized files now loaded: 0)
System memory in use before: 166.1 MB.
System memory in use after: 166.3 MB.

Unloading 44 unused Assets to reduce memory usage. Loaded Objects now: 4307.
Total: 3.928200 ms (FindLiveObjects: 0.590500 ms CreateObjectMapping: 0.179300 ms MarkObjects: 3.077800 ms  DeleteObjects: 0.078100 ms)

========================================================================
Received Import Request.
  path: Assets/Scenes/LuanaPaolo.unity
  artifactKey: Guid(d6b6935ecec9d2442a5c51862258813d) Importer(815301076,1909f56bfc062723c751e8b465ee728b)
Start importing Assets/Scenes/LuanaPaolo.unity using Guid(d6b6935ecec9d2442a5c51862258813d) Importer(815301076,1909f56bfc062723c751e8b465ee728b)  -> (artifact id: '3a4fff344b9e0d3c6e9d9b8643c5eb69') in 0.193274 seconds
  Import took 0.247372 seconds .

========================================================================
Received Prepare
Registering precompiled user dll's ...
Registered in 0.007079 seconds.
Begin MonoManager ReloadAssembly
Native extension for WindowsStandalone target not found
Refreshing native plugins compatible for Editor in 0.89 ms, found 0 plugins.
Preloading 0 native plugins for Editor in 0.00 ms.
Mono: successfully reloaded assembly
- Completed reload, in  1.429 seconds
Platform modules already initialized, skipping
Shader 'Universal Render Pipeline/Particles/Lit': fallback shader 'Universal Render Pipeline/Particles/SimpleLit' not found
Refreshing native plugins compatible for Editor in 0.94 ms, found 0 plugins.
Preloading 0 native plugins for Editor in 0.00 ms.
Unloading 3735 Unused Serialized files (Serialized files now loaded: 0)
System memory in use before: 155.4 MB.
System memory in use after: 155.7 MB.

Unloading 35 unused Assets to reduce memory usage. Loaded Objects now: 4312.
Total: 4.044900 ms (FindLiveObjects: 0.545100 ms CreateObjectMapping: 0.278000 ms MarkObjects: 3.192100 ms  DeleteObjects: 0.028800 ms)

========================================================================
Received Prepare
Registering precompiled user dll's ...
Registered in 0.009239 seconds.
Begin MonoManager ReloadAssembly
Native extension for WindowsStandalone target not found
Refreshing native plugins compatible for Editor in 0.89 ms, found 0 plugins.
Preloading 0 native plugins for Editor in 0.00 ms.
Mono: successfully reloaded assembly
- Completed reload, in  1.293 seconds
Platform modules already initialized, skipping
Shader 'Universal Render Pipeline/Particles/Lit': fallback shader 'Universal Render Pipeline/Particles/SimpleLit' not found
Refreshing native plugins compatible for Editor in 0.87 ms, found 0 plugins.
Preloading 0 native plugins for Editor in 0.00 ms.
Unloading 3735 Unused Serialized files (Serialized files now loaded: 0)
System memory in use before: 155.5 MB.
System memory in use after: 155.7 MB.

Unloading 35 unused Assets to reduce memory usage. Loaded Objects now: 4317.
Total: 4.188200 ms (FindLiveObjects: 0.719700 ms CreateObjectMapping: 0.223100 ms MarkObjects: 3.207800 ms  DeleteObjects: 0.035900 ms)

========================================================================
Received Import Request.
  Time since last request: 45.358613 seconds.
  path: Assets/ScriptableObjectsData/BehaviorSet.asset
  artifactKey: Guid(be34bae1919ce2c458128eba2838077a) Importer(815301076,1909f56bfc062723c751e8b465ee728b)
Start importing Assets/ScriptableObjectsData/BehaviorSet.asset using Guid(be34bae1919ce2c458128eba2838077a) Importer(815301076,1909f56bfc062723c751e8b465ee728b)  -> (artifact id: '1f16ec3c2cbb6fcbdc92d3b3dd6268a0') in 0.079583 seconds
  Import took 0.117758 seconds .

========================================================================
Received Import Request.
  Time since last request: 0.000322 seconds.
  path: Assets/ScriptableObjectsData/LevelConfigSet Luana.asset
  artifactKey: Guid(04462e4169ee42b4fad5143c2ae3f5af) Importer(815301076,1909f56bfc062723c751e8b465ee728b)
Start importing Assets/ScriptableObjectsData/LevelConfigSet Luana.asset using Guid(04462e4169ee42b4fad5143c2ae3f5af) Importer(815301076,1909f56bfc062723c751e8b465ee728b)  -> (artifact id: '3b36827d09e8cda9dd67a2524ff30a2b') in 0.042272 seconds
  Import took 0.068761 seconds .

========================================================================
Received Import Request.
  Time since last request: 0.000312 seconds.
  path: Assets/ScriptableObjectsData/PlayerProjectileSet.asset
  artifactKey: Guid(147248520389fe54c8c806007d326281) Importer(815301076,1909f56bfc062723c751e8b465ee728b)
Start importing Assets/ScriptableObjectsData/PlayerProjectileSet.asset using Guid(147248520389fe54c8c806007d326281) Importer(815301076,1909f56bfc062723c751e8b465ee728b)  -> (artifact id: 'ef85b71dc85676b61703e7b48d3b2ea1') in 0.155511 seconds
  Import took 0.191475 seconds .

========================================================================
Received Import Request.
  Time since last request: 0.000488 seconds.
  path: Assets/ScriptableObjectsData/ProjectileSet.asset
  artifactKey: Guid(fd434a2423766d64bbde424b0396009a) Importer(815301076,1909f56bfc062723c751e8b465ee728b)
Start importing Assets/ScriptableObjectsData/ProjectileSet.asset using Guid(fd434a2423766d64bbde424b0396009a) Importer(815301076,1909f56bfc062723c751e8b465ee728b)  -> (artifact id: '2a15a27582c9e2bd03fdd196d1b50c47') in 0.111250 seconds
  Import took 0.196114 seconds .

========================================================================
Received Import Request.
  Time since last request: 0.000791 seconds.
  path: Assets/ScriptableObjectsData/MovementSet.asset
  artifactKey: Guid(41a11a660db4ab245943b826556cf0af) Importer(815301076,1909f56bfc062723c751e8b465ee728b)
Start importing Assets/ScriptableObjectsData/MovementSet.asset using Guid(41a11a660db4ab245943b826556cf0af) Importer(815301076,1909f56bfc062723c751e8b465ee728b)  -> (artifact id: 'a2aed858f46f613b33b915665e38fdae') in 0.039421 seconds
  Import took 0.098419 seconds .

========================================================================
Received Import Request.
  Time since last request: 0.000518 seconds.
  path: Assets/ScriptableObjectsData/WeaponSet.asset
  artifactKey: Guid(aa056caad00310f4793208ebc1ee05ec) Importer(815301076,1909f56bfc062723c751e8b465ee728b)
Start importing Assets/ScriptableObjectsData/WeaponSet.asset using Guid(aa056caad00310f4793208ebc1ee05ec) Importer(815301076,1909f56bfc062723c751e8b465ee728b)  -> (artifact id: '4748389745be23352e242dfbd4319dda') in 0.039242 seconds
  Import took 0.071233 seconds .

========================================================================
Received Import Request.
  Time since last request: 0.000458 seconds.
  path: Assets/ScriptableObjectsData/LevelConfigSet.asset
  artifactKey: Guid(6204908c550825b4c8aaa94066e243b5) Importer(815301076,1909f56bfc062723c751e8b465ee728b)
Start importing Assets/ScriptableObjectsData/LevelConfigSet.asset using Guid(6204908c550825b4c8aaa94066e243b5) Importer(815301076,1909f56bfc062723c751e8b465ee728b)  -> (artifact id: 'de213ab74ab698be94238581a7860e5a') in 0.012626 seconds
  Import took 0.022982 seconds .

========================================================================
Received Import Request.
  Time since last request: 0.000518 seconds.
  path: Assets/ScriptableObjectsData/LevelConfigSetBreno.asset
  artifactKey: Guid(714001a36672c8747b10738c78789140) Importer(815301076,1909f56bfc062723c751e8b465ee728b)
Start importing Assets/ScriptableObjectsData/LevelConfigSetBreno.asset using Guid(714001a36672c8747b10738c78789140) Importer(815301076,1909f56bfc062723c751e8b465ee728b)  -> (artifact id: '70697814b7414fa58ca20015e76fd74f') in 0.007779 seconds
  Import took 0.049168 seconds .

========================================================================
Received Import Request.
  Time since last request: 0.000497 seconds.
  path: Assets/ScriptableObjectsData/TreasureSet.asset
  artifactKey: Guid(bed5e43498753414cb9f589c45d84eb8) Importer(815301076,1909f56bfc062723c751e8b465ee728b)
Start importing Assets/ScriptableObjectsData/TreasureSet.asset using Guid(bed5e43498753414cb9f589c45d84eb8) Importer(815301076,1909f56bfc062723c751e8b465ee728b)  -> (artifact id: '103d75ff50187b522bd953d684f9f71d') in 0.032693 seconds
  Import took 0.097294 seconds .

========================================================================
Received Import Request.
  Time since last request: 87.643910 seconds.
  path: Assets/Resources/Levels
  artifactKey: Guid(ddef6e3e94f2ad54b83f02ecce308abf) Importer(815301076,1909f56bfc062723c751e8b465ee728b)
Start importing Assets/Resources/Levels using Guid(ddef6e3e94f2ad54b83f02ecce308abf) Importer(815301076,1909f56bfc062723c751e8b465ee728b)  -> (artifact id: '7f125797eae59f65ce3cf28b5a3ea104') in 0.105939 seconds
  Import took 0.151475 seconds .

========================================================================
Received Import Request.
  Time since last request: 11.271989 seconds.
  path: Assets/Scenes/Dungeons/1A.unity
  artifactKey: Guid(5d3e5f334dbd39b4cae22b473ac252d8) Importer(815301076,1909f56bfc062723c751e8b465ee728b)
Start importing Assets/Scenes/Dungeons/1A.unity using Guid(5d3e5f334dbd39b4cae22b473ac252d8) Importer(815301076,1909f56bfc062723c751e8b465ee728b)  -> (artifact id: '57a276393688f4cef13a855b89b709a7') in 0.004409 seconds
  Import took 0.091894 seconds .

========================================================================
Received Prepare
Registering precompiled user dll's ...
Registered in 0.007562 seconds.
Begin MonoManager ReloadAssembly
Native extension for WindowsStandalone target not found
Refreshing native plugins compatible for Editor in 1.05 ms, found 0 plugins.
Preloading 0 native plugins for Editor in 0.00 ms.
Mono: successfully reloaded assembly
- Completed reload, in  1.271 seconds
Platform modules already initialized, skipping
Shader 'Universal Render Pipeline/Particles/Lit': fallback shader 'Universal Render Pipeline/Particles/SimpleLit' not found
Refreshing native plugins compatible for Editor in 0.86 ms, found 0 plugins.
Preloading 0 native plugins for Editor in 0.00 ms.
Unloading 3735 Unused Serialized files (Serialized files now loaded: 0)
System memory in use before: 156.0 MB.
System memory in use after: 156.2 MB.

Unloading 35 unused Assets to reduce memory usage. Loaded Objects now: 4322.
Total: 5.726600 ms (FindLiveObjects: 1.144600 ms CreateObjectMapping: 0.792800 ms MarkObjects: 3.758600 ms  DeleteObjects: 0.025500 ms)

========================================================================
Received Import Request.
  Time since last request: 131.102606 seconds.
  path: Assets/Scripts/GameManager
  artifactKey: Guid(50604d4551b2f0e45addc880078429b1) Importer(815301076,1909f56bfc062723c751e8b465ee728b)
Start importing Assets/Scripts/GameManager using Guid(50604d4551b2f0e45addc880078429b1) Importer(815301076,1909f56bfc062723c751e8b465ee728b)  -> (artifact id: '26a33c9a6e3b420ccff8a28808f98562') in 0.015959 seconds
  Import took 0.118632 seconds .

========================================================================
Received Import Request.
  Time since last request: 0.723740 seconds.
  path: Assets/Scripts/GameManager/GameManager.cs
  artifactKey: Guid(bbae3eaaeceb47740b8516d1233ce73f) Importer(815301076,1909f56bfc062723c751e8b465ee728b)
Start importing Assets/Scripts/GameManager/GameManager.cs using Guid(bbae3eaaeceb47740b8516d1233ce73f) Importer(815301076,1909f56bfc062723c751e8b465ee728b)  -> (artifact id: '9d0a2e12a30e2a0f825b7320105f8d8f') in 0.078697 seconds
  Import took 0.158452 seconds .

========================================================================
Received Import Request.
  Time since last request: 6749.143044 seconds.
  path: Assets/Scripts/LuanaPaolo
  artifactKey: Guid(eb73a74bfd0e37a479bb6cf0397326a4) Importer(815301076,1909f56bfc062723c751e8b465ee728b)
Start importing Assets/Scripts/LuanaPaolo using Guid(eb73a74bfd0e37a479bb6cf0397326a4) Importer(815301076,1909f56bfc062723c751e8b465ee728b)  -> (artifact id: '05a007f514ea6c3d0756fe0ea1c94373') in 0.041972 seconds
  Import took 0.139990 seconds .

AssetImportWorkerClient::OnTransportError - code=2 error=End of file
