Using pre-set license
Built from '2020.3/staging' branch; Version is '2020.3.5f1 (8095aa901b9b) revision 8426922'; Using compiler version '192528614'; Build Type 'Release'
OS: 'Windows 10 Pro; OS build 19042.985; Version 2009; 64bit' Language: 'en' Physical Memory: 16313 MB
BatchMode: 1, IsHumanControllingUs: 0, StartBugReporterOnCrash: 0, Is64bit: 1, IsPro: 0

 COMMAND LINE ARGUMENTS:
D:\Program Files\2020.3.5f1\Editor\Unity.exe
-adb2
-batchMode
-noUpm
-name
AssetImportWorker0
-projectPath
D:/GitHubProjects/Overlord-Project
-logFile
Logs/AssetImportWorker0.log
-srvPort
65275
Successfully changed project path to: D:/GitHubProjects/Overlord-Project
D:/GitHubProjects/Overlord-Project
Using Asset Import Pipeline V2.
Refreshing native plugins compatible for Editor in 99.28 ms, found 0 plugins.
Preloading 0 native plugins for Editor in 0.00 ms.
Initialize engine version: 2020.3.5f1 (8095aa901b9b)
[Subsystems] Discovering subsystems at path D:/Program Files/2020.3.5f1/Editor/Data/Resources/UnitySubsystems
[Subsystems] Discovering subsystems at path D:/GitHubProjects/Overlord-Project/Assets
GfxDevice: creating device client; threaded=0
Direct3D:
    Version:  Direct3D 11.0 [level 11.1]
    Renderer: NVIDIA GeForce GTX 1660 SUPER (ID=0x21c4)
    Vendor:   
    VRAM:     5991 MB
    Driver:   27.21.14.6611
Shader 'Universal Render Pipeline/Particles/Lit': fallback shader 'Universal Render Pipeline/Particles/SimpleLit' not found
Initialize mono
Mono path[0] = 'D:/Program Files/2020.3.5f1/Editor/Data/Managed'
Mono path[1] = 'D:/Program Files/2020.3.5f1/Editor/Data/MonoBleedingEdge/lib/mono/unityjit'
Mono config path = 'D:/Program Files/2020.3.5f1/Editor/Data/MonoBleedingEdge/etc'
Using monoOptions --debugger-agent=transport=dt_socket,embedding=1,server=y,suspend=n,address=127.0.0.1:56920
Begin MonoManager ReloadAssembly
Registering precompiled unity dll's ...
Register platform support module: D:/Program Files/2020.3.5f1/Editor/Data/PlaybackEngines/WebGLSupport/UnityEditor.WebGL.Extensions.dll
Register platform support module: D:/Program Files/2020.3.5f1/Editor/Data/PlaybackEngines/WindowsStandaloneSupport/UnityEditor.WindowsStandalone.Extensions.dll
Register platform support module: D:/Program Files/2020.3.5f1/Editor/Data/PlaybackEngines/LinuxStandaloneSupport/UnityEditor.LinuxStandalone.Extensions.dll
Registered in 0.001788 seconds.
Native extension for LinuxStandalone target not found
Native extension for WindowsStandalone target not found
Native extension for WebGL target not found
Refreshing native plugins compatible for Editor in 78.75 ms, found 0 plugins.
Preloading 0 native plugins for Editor in 0.00 ms.
Mono: successfully reloaded assembly
- Completed reload, in  0.858 seconds
Platform modules already initialized, skipping
Registering precompiled user dll's ...
Registered in 0.004388 seconds.
Begin MonoManager ReloadAssembly
Native extension for LinuxStandalone target not found
Native extension for WindowsStandalone target not found
Native extension for WebGL target not found
Refreshing native plugins compatible for Editor in 83.21 ms, found 0 plugins.
Preloading 0 native plugins for Editor in 0.00 ms.
Mono: successfully reloaded assembly
- Completed reload, in  1.454 seconds
Platform modules already initialized, skipping
========================================================================
Worker process is ready to serve import requests
Shader 'Universal Render Pipeline/Particles/Lit': fallback shader 'Universal Render Pipeline/Particles/SimpleLit' not found
Launched and connected shader compiler UnityShaderCompiler.exe after 0.08 seconds
Refreshing native plugins compatible for Editor in 1.09 ms, found 0 plugins.
Preloading 0 native plugins for Editor in 0.00 ms.
Unloading 4105 Unused Serialized files (Serialized files now loaded: 0)
System memory in use before: 171.7 MB.
System memory in use after: 171.9 MB.

Unloading 53 unused Assets to reduce memory usage. Loaded Objects now: 4517.
Total: 5.937800 ms (FindLiveObjects: 0.541800 ms CreateObjectMapping: 0.120300 ms MarkObjects: 5.186900 ms  DeleteObjects: 0.087300 ms)

========================================================================
Received Import Request.
  path: Assets/Scenes/LuanaPaolo.unity
  artifactKey: Guid(d6b6935ecec9d2442a5c51862258813d) Importer(815301076,1909f56bfc062723c751e8b465ee728b)
Start importing Assets/Scenes/LuanaPaolo.unity using Guid(d6b6935ecec9d2442a5c51862258813d) Importer(815301076,1909f56bfc062723c751e8b465ee728b)  -> (artifact id: '9d2d0fd2035ca8f5077de335fffd3f6b') in 0.060143 seconds
  Import took 0.124477 seconds .

========================================================================
Received Import Request.
  Time since last request: 6.944065 seconds.
  path: Assets/Resources/BillingMode.json
  artifactKey: Guid(b2fe2a8fec8ea69439aee20c0609bdd8) Importer(815301076,1909f56bfc062723c751e8b465ee728b)
Start importing Assets/Resources/BillingMode.json using Guid(b2fe2a8fec8ea69439aee20c0609bdd8) Importer(815301076,1909f56bfc062723c751e8b465ee728b)  -> (artifact id: '6819ea54290897286b8c5da4834fcd20') in 0.035046 seconds
  Import took 0.073261 seconds .

========================================================================
Received Import Request.
  Time since last request: 1.501051 seconds.
  path: Assets/Resources/NarrativeJSon
  artifactKey: Guid(8c1351dcafbf66c4c9849223710149df) Importer(815301076,1909f56bfc062723c751e8b465ee728b)
Start importing Assets/Resources/NarrativeJSon using Guid(8c1351dcafbf66c4c9849223710149df) Importer(815301076,1909f56bfc062723c751e8b465ee728b)  -> (artifact id: 'f6f64e5d9a2ba2901b4aa35bc87e443b') in 0.002493 seconds
  Import took 0.138680 seconds .

========================================================================
Received Prepare
Registering precompiled user dll's ...
Registered in 0.004268 seconds.
Begin MonoManager ReloadAssembly
Native extension for LinuxStandalone target not found
Native extension for WindowsStandalone target not found
Native extension for WebGL target not found
Refreshing native plugins compatible for Editor in 1.11 ms, found 0 plugins.
Preloading 0 native plugins for Editor in 0.00 ms.
Mono: successfully reloaded assembly
- Completed reload, in  0.978 seconds
Platform modules already initialized, skipping
Shader 'Universal Render Pipeline/Particles/Lit': fallback shader 'Universal Render Pipeline/Particles/SimpleLit' not found
Refreshing native plugins compatible for Editor in 1.18 ms, found 0 plugins.
Preloading 0 native plugins for Editor in 0.00 ms.
Unloading 3956 Unused Serialized files (Serialized files now loaded: 0)
System memory in use before: 160.9 MB.
System memory in use after: 161.2 MB.

Unloading 44 unused Assets to reduce memory usage. Loaded Objects now: 4522.
Total: 5.311000 ms (FindLiveObjects: 0.362600 ms CreateObjectMapping: 0.113200 ms MarkObjects: 4.783500 ms  DeleteObjects: 0.050300 ms)

========================================================================
Received Import Request.
  Time since last request: 79.025218 seconds.
  path: Assets/Resources/NarrativeJSon 1
  artifactKey: Guid(2515062a3ceb39c41999ca0add8c7481) Importer(815301076,1909f56bfc062723c751e8b465ee728b)
Start importing Assets/Resources/NarrativeJSon 1 using Guid(2515062a3ceb39c41999ca0add8c7481) Importer(815301076,1909f56bfc062723c751e8b465ee728b)  -> (artifact id: 'b23f192df829266da1d1e3d3001a6f50') in 0.006931 seconds
  Import took 0.149372 seconds .

========================================================================
Received Prepare
Registering precompiled user dll's ...
Registered in 0.004149 seconds.
Begin MonoManager ReloadAssembly
Native extension for LinuxStandalone target not found
Native extension for WindowsStandalone target not found
Native extension for WebGL target not found
Refreshing native plugins compatible for Editor in 1.17 ms, found 0 plugins.
Preloading 0 native plugins for Editor in 0.00 ms.
Mono: successfully reloaded assembly
- Completed reload, in  0.984 seconds
Platform modules already initialized, skipping
Shader 'Universal Render Pipeline/Particles/Lit': fallback shader 'Universal Render Pipeline/Particles/SimpleLit' not found
Refreshing native plugins compatible for Editor in 1.61 ms, found 0 plugins.
Preloading 0 native plugins for Editor in 0.00 ms.
Unloading 3956 Unused Serialized files (Serialized files now loaded: 0)
System memory in use before: 161.0 MB.
System memory in use after: 161.2 MB.

Unloading 44 unused Assets to reduce memory usage. Loaded Objects now: 4527.
Total: 4.959100 ms (FindLiveObjects: 0.410900 ms CreateObjectMapping: 0.106500 ms MarkObjects: 4.415300 ms  DeleteObjects: 0.025200 ms)

========================================================================
Received Prepare
Registering precompiled user dll's ...
Registered in 0.004224 seconds.
Begin MonoManager ReloadAssembly
Native extension for LinuxStandalone target not found
Native extension for WindowsStandalone target not found
Native extension for WebGL target not found
Refreshing native plugins compatible for Editor in 1.11 ms, found 0 plugins.
Preloading 0 native plugins for Editor in 0.00 ms.
Mono: successfully reloaded assembly
- Completed reload, in  0.963 seconds
Platform modules already initialized, skipping
Shader 'Universal Render Pipeline/Particles/Lit': fallback shader 'Universal Render Pipeline/Particles/SimpleLit' not found
Refreshing native plugins compatible for Editor in 1.08 ms, found 0 plugins.
Preloading 0 native plugins for Editor in 0.00 ms.
Unloading 3956 Unused Serialized files (Serialized files now loaded: 0)
System memory in use before: 161.0 MB.
System memory in use after: 161.3 MB.

Unloading 44 unused Assets to reduce memory usage. Loaded Objects now: 4532.
Total: 5.592100 ms (FindLiveObjects: 0.475800 ms CreateObjectMapping: 0.123600 ms MarkObjects: 4.966100 ms  DeleteObjects: 0.025200 ms)

========================================================================
Received Prepare
Registering precompiled user dll's ...
Registered in 0.005073 seconds.
Begin MonoManager ReloadAssembly
Native extension for LinuxStandalone target not found
Native extension for WindowsStandalone target not found
Native extension for WebGL target not found
Refreshing native plugins compatible for Editor in 1.61 ms, found 0 plugins.
Preloading 0 native plugins for Editor in 0.00 ms.
Mono: successfully reloaded assembly
- Completed reload, in  1.096 seconds
Platform modules already initialized, skipping
Shader 'Universal Render Pipeline/Particles/Lit': fallback shader 'Universal Render Pipeline/Particles/SimpleLit' not found
Refreshing native plugins compatible for Editor in 1.18 ms, found 0 plugins.
Preloading 0 native plugins for Editor in 0.00 ms.
Unloading 3956 Unused Serialized files (Serialized files now loaded: 0)
System memory in use before: 161.0 MB.
System memory in use after: 161.3 MB.

Unloading 44 unused Assets to reduce memory usage. Loaded Objects now: 4537.
Total: 5.867200 ms (FindLiveObjects: 0.437600 ms CreateObjectMapping: 0.111500 ms MarkObjects: 5.288700 ms  DeleteObjects: 0.028000 ms)

========================================================================
Received Import Request.
  Time since last request: 166.913087 seconds.
  path: Assets/Resources/NarrativeJSon/Dungeon_Size=16_Keys=1_lin=0_NEnemies=4.json
  artifactKey: Guid(7a8a688ccf4d0ab479cc46374c0dc9b0) Importer(815301076,1909f56bfc062723c751e8b465ee728b)
Start importing Assets/Resources/NarrativeJSon/Dungeon_Size=16_Keys=1_lin=0_NEnemies=4.json using Guid(7a8a688ccf4d0ab479cc46374c0dc9b0) Importer(815301076,1909f56bfc062723c751e8b465ee728b)  -> (artifact id: 'ec8ab38e0ce3669b1c31d59064de010b') in 0.018763 seconds
  Import took 0.046698 seconds .

========================================================================
Received Import Request.
  Time since last request: 2.047670 seconds.
  path: Assets/Resources/NarrativeJSon/Enemy_p1=10_p2=0_p3=0_f1=20_f2=2_f3=18.json
  artifactKey: Guid(0effd5696f597d74f9d831506fb7a29d) Importer(815301076,1909f56bfc062723c751e8b465ee728b)
Start importing Assets/Resources/NarrativeJSon/Enemy_p1=10_p2=0_p3=0_f1=20_f2=2_f3=18.json using Guid(0effd5696f597d74f9d831506fb7a29d) Importer(815301076,1909f56bfc062723c751e8b465ee728b)  -> (artifact id: 'a72130ff3bd909c3cbe52d242a819f8e') in 0.003014 seconds
  Import took 0.041963 seconds .

========================================================================
Received Import Request.
  Time since last request: 0.790558 seconds.
  path: Assets/Resources/NarrativeJSon/narrative.json
  artifactKey: Guid(884e46e76b4a10f48bc52278da8984de) Importer(815301076,1909f56bfc062723c751e8b465ee728b)
Start importing Assets/Resources/NarrativeJSon/narrative.json using Guid(884e46e76b4a10f48bc52278da8984de) Importer(815301076,1909f56bfc062723c751e8b465ee728b)  -> (artifact id: '1cb0d46d8ae35a7c00477986ddb8cda8') in 0.002858 seconds
  Import took 0.048280 seconds .

AssetImportWorkerClient::OnTransportError - code=2 error=End of file
