Using pre-set license
Built from '2020.3/staging' branch; Version is '2020.3.5f1 (8095aa901b9b) revision 8426922'; Using compiler version '192528614'; Build Type 'Release'
OS: 'Windows 10 Home Single Language; OS build 19042.985; Version 2009; 64bit' Language: 'pt' Physical Memory: 8084 MB
BatchMode: 1, IsHumanControllingUs: 0, StartBugReporterOnCrash: 0, Is64bit: 1, IsPro: 0

 COMMAND LINE ARGUMENTS:
C:\Program Files\Unity\Hub\Editor\2020.3.5f1\Editor\Unity.exe
-adb2
-batchMode
-noUpm
-name
AssetImportWorker7
-projectPath
C:/Users/ltdc0/Overlord-Project
-logFile
Logs/AssetImportWorker7.log
-srvPort
53188
Successfully changed project path to: C:/Users/ltdc0/Overlord-Project
C:/Users/ltdc0/Overlord-Project
Using Asset Import Pipeline V2.
Refreshing native plugins compatible for Editor in 105.90 ms, found 0 plugins.
Preloading 0 native plugins for Editor in 0.00 ms.
Initialize engine version: 2020.3.5f1 (8095aa901b9b)
[Subsystems] Discovering subsystems at path C:/Program Files/Unity/Hub/Editor/2020.3.5f1/Editor/Data/Resources/UnitySubsystems
[Subsystems] Discovering subsystems at path C:/Users/ltdc0/Overlord-Project/Assets
GfxDevice: creating device client; threaded=0
Direct3D:
    Version:  Direct3D 11.0 [level 11.1]
    Renderer: Intel(R) UHD Graphics 620 (ID=0x3ea0)
    Vendor:   
    VRAM:     4042 MB
    Driver:   27.20.100.9466
Shader 'Universal Render Pipeline/Particles/Lit': fallback shader 'Universal Render Pipeline/Particles/SimpleLit' not found
Initialize mono
Mono path[0] = 'C:/Program Files/Unity/Hub/Editor/2020.3.5f1/Editor/Data/Managed'
Mono path[1] = 'C:/Program Files/Unity/Hub/Editor/2020.3.5f1/Editor/Data/MonoBleedingEdge/lib/mono/unityjit'
Mono config path = 'C:/Program Files/Unity/Hub/Editor/2020.3.5f1/Editor/Data/MonoBleedingEdge/etc'
Using monoOptions --debugger-agent=transport=dt_socket,embedding=1,server=y,suspend=n,address=127.0.0.1:56524
Begin MonoManager ReloadAssembly
Registering precompiled unity dll's ...
Register platform support module: C:/Program Files/Unity/Hub/Editor/2020.3.5f1/Editor/Data/PlaybackEngines/WindowsStandaloneSupport/UnityEditor.WindowsStandalone.Extensions.dll
Registered in 0.002665 seconds.
Native extension for WindowsStandalone target not found
Refreshing native plugins compatible for Editor in 88.45 ms, found 0 plugins.
Preloading 0 native plugins for Editor in 0.00 ms.
Mono: successfully reloaded assembly
- Completed reload, in  1.197 seconds
Platform modules already initialized, skipping
Registering precompiled user dll's ...
Registered in 0.009327 seconds.
Begin MonoManager ReloadAssembly
Native extension for WindowsStandalone target not found
Refreshing native plugins compatible for Editor in 94.64 ms, found 0 plugins.
Preloading 0 native plugins for Editor in 0.00 ms.
Mono: successfully reloaded assembly
- Completed reload, in  7.449 seconds
Platform modules already initialized, skipping
========================================================================
Worker process is ready to serve import requests
Shader 'Universal Render Pipeline/Particles/Lit': fallback shader 'Universal Render Pipeline/Particles/SimpleLit' not found
Launched and connected shader compiler UnityShaderCompiler.exe after 0.38 seconds
Refreshing native plugins compatible for Editor in 2.09 ms, found 0 plugins.
Preloading 0 native plugins for Editor in 0.00 ms.
Unloading 3974 Unused Serialized files (Serialized files now loaded: 0)
System memory in use before: 168.8 MB.
System memory in use after: 169.0 MB.

Unloading 53 unused Assets to reduce memory usage. Loaded Objects now: 4390.
Total: 13.439900 ms (FindLiveObjects: 0.963800 ms CreateObjectMapping: 0.584400 ms MarkObjects: 11.763400 ms  DeleteObjects: 0.125400 ms)

========================================================================
Received Import Request.
  path: Assets/Scripts/LuanaPaolo/Loader.cs
  artifactKey: Guid(d65f2d2e86d51bc4d91f51f7c323b958) Importer(815301076,1909f56bfc062723c751e8b465ee728b)
Start importing Assets/Scripts/LuanaPaolo/Loader.cs using Guid(d65f2d2e86d51bc4d91f51f7c323b958) Importer(815301076,1909f56bfc062723c751e8b465ee728b)  -> (artifact id: '4d7ad26b117e44735559383595bd7989') in 0.085737 seconds
  Import took 0.127151 seconds .

========================================================================
Received Import Request.
  Time since last request: 0.000405 seconds.
  path: Assets/Scripts/LuanaPaolo/Manager.cs
  artifactKey: Guid(70525adb7a52ee0439c81de57524ccd0) Importer(815301076,1909f56bfc062723c751e8b465ee728b)
Start importing Assets/Scripts/LuanaPaolo/Manager.cs using Guid(70525adb7a52ee0439c81de57524ccd0) Importer(815301076,1909f56bfc062723c751e8b465ee728b)  -> (artifact id: '2c8c9fb4a6bd2784e7b6bcdfc2bcff66') in 0.005253 seconds
  Import took 0.049480 seconds .

========================================================================
Received Import Request.
  Time since last request: 0.000422 seconds.
  path: Assets/Scripts/LuanaPaolo/dungeonEntrance.cs
  artifactKey: Guid(367f9cda2f054d3499866e0a2dec2fcf) Importer(815301076,1909f56bfc062723c751e8b465ee728b)
Start importing Assets/Scripts/LuanaPaolo/dungeonEntrance.cs using Guid(367f9cda2f054d3499866e0a2dec2fcf) Importer(815301076,1909f56bfc062723c751e8b465ee728b)  -> (artifact id: 'edc1bdb9bef949633e06049d18306649') in 0.003066 seconds
  Import took 0.044740 seconds .

========================================================================
Received Import Request.
  Time since last request: 0.000304 seconds.
  path: Assets/Scripts/LuanaPaolo/JSonWriter.cs
  artifactKey: Guid(2dd0a7400de70cf43b00ec174be518f9) Importer(815301076,1909f56bfc062723c751e8b465ee728b)
Start importing Assets/Scripts/LuanaPaolo/JSonWriter.cs using Guid(2dd0a7400de70cf43b00ec174be518f9) Importer(815301076,1909f56bfc062723c751e8b465ee728b)  -> (artifact id: '221b5dfca594e154eb45b7ca6af80f02') in 0.006913 seconds
  Import took 0.113015 seconds .

========================================================================
Received Import Request.
  Time since last request: 0.000850 seconds.
  path: Assets/Scripts/LuanaPaolo/Quest.cs
  artifactKey: Guid(41e36bad2e9143844884b202e64e3fe0) Importer(815301076,1909f56bfc062723c751e8b465ee728b)
Start importing Assets/Scripts/LuanaPaolo/Quest.cs using Guid(41e36bad2e9143844884b202e64e3fe0) Importer(815301076,1909f56bfc062723c751e8b465ee728b)  -> (artifact id: '41962c764b43a652384f26a6821bd8f7') in 0.009220 seconds
  Import took 0.032095 seconds .

========================================================================
Received Import Request.
  Time since last request: 565.314185 seconds.
  path: Assets/Scripts/LuanaPaolo/Quest.cs
  artifactKey: Guid(41e36bad2e9143844884b202e64e3fe0) Importer(815301076,1909f56bfc062723c751e8b465ee728b)
Start importing Assets/Scripts/LuanaPaolo/Quest.cs using Guid(41e36bad2e9143844884b202e64e3fe0) Importer(815301076,1909f56bfc062723c751e8b465ee728b)  -> (artifact id: '06de2ebfab3b8bef7f80779bc209f5e9') in 0.004356 seconds
  Import took 0.083522 seconds .

AssetImportWorkerClient::OnTransportError - code=2 error=End of file
